0 info it worked if it ends with ok
1 verbose cli [ '/usr/local/bin/node',
1 verbose cli   '/usr/local/bin/npm',
1 verbose cli   'install',
1 verbose cli   '-g',
1 verbose cli   'browser-sync' ]
2 info using npm@2.15.1
3 info using node@v4.4.3
4 verbose install initial load of /usr/local/lib/package.json
5 verbose readDependencies loading dependencies from /usr/local/lib/package.json
6 silly cache add args [ 'browser-sync', null ]
7 verbose cache add spec browser-sync
8 silly cache add parsed spec Result {
8 silly cache add   raw: 'browser-sync',
8 silly cache add   scope: null,
8 silly cache add   name: 'browser-sync',
8 silly cache add   rawSpec: '',
8 silly cache add   spec: 'latest',
8 silly cache add   type: 'tag' }
9 silly addNamed browser-sync@latest
10 verbose addNamed "latest" is being treated as a dist-tag for browser-sync
11 info addNameTag [ 'browser-sync', 'latest' ]
12 silly mapToRegistry name browser-sync
13 silly mapToRegistry using default registry
14 silly mapToRegistry registry https://registry.npmjs.org/
15 silly mapToRegistry data Result {
15 silly mapToRegistry   raw: 'browser-sync',
15 silly mapToRegistry   scope: null,
15 silly mapToRegistry   name: 'browser-sync',
15 silly mapToRegistry   rawSpec: '',
15 silly mapToRegistry   spec: 'latest',
15 silly mapToRegistry   type: 'tag' }
16 silly mapToRegistry uri https://registry.npmjs.org/browser-sync
17 verbose addNameTag registry:https://registry.npmjs.org/browser-sync not in flight; fetching
18 verbose request uri https://registry.npmjs.org/browser-sync
19 verbose request no auth needed
20 info attempt registry request try #1 at 8:27:21 AM
21 verbose request id 15ce5ebdf2e11f55
22 verbose etag "E4QOY7J66OJG0E87S597IJ59T"
23 http request GET https://registry.npmjs.org/browser-sync
24 info retry will retry, error on last attempt: Error: getaddrinfo ENOTFOUND registry.npmjs.org registry.npmjs.org:443
25 info attempt registry request try #2 at 8:27:31 AM
26 verbose etag "E4QOY7J66OJG0E87S597IJ59T"
27 http request GET https://registry.npmjs.org/browser-sync
28 http 304 https://registry.npmjs.org/browser-sync
29 verbose headers { date: 'Sun, 05 Jun 2016 12:27:31 GMT',
29 verbose headers   via: '1.1 varnish',
29 verbose headers   'cache-control': 'max-age=300',
29 verbose headers   etag: '"E4QOY7J66OJG0E87S597IJ59T"',
29 verbose headers   age: '96',
29 verbose headers   connection: 'keep-alive',
29 verbose headers   'x-served-by': 'cache-iad2122-IAD',
29 verbose headers   'x-cache': 'HIT',
29 verbose headers   'x-cache-hits': '1',
29 verbose headers   'x-timer': 'S1465129651.296991,VS0,VE0',
29 verbose headers   vary: 'Accept-Encoding' }
30 silly get cb [ 304,
30 silly get   { date: 'Sun, 05 Jun 2016 12:27:31 GMT',
30 silly get     via: '1.1 varnish',
30 silly get     'cache-control': 'max-age=300',
30 silly get     etag: '"E4QOY7J66OJG0E87S597IJ59T"',
30 silly get     age: '96',
30 silly get     connection: 'keep-alive',
30 silly get     'x-served-by': 'cache-iad2122-IAD',
30 silly get     'x-cache': 'HIT',
30 silly get     'x-cache-hits': '1',
30 silly get     'x-timer': 'S1465129651.296991,VS0,VE0',
30 silly get     vary: 'Accept-Encoding' } ]
31 verbose etag https://registry.npmjs.org/browser-sync from cache
32 verbose get saving browser-sync to /Users/bhunt/.npm/registry.npmjs.org/browser-sync/.cache.json
33 verbose correctMkdir /Users/bhunt/.npm correctMkdir not in flight; initializing
34 silly addNameTag next cb for browser-sync with tag latest
35 silly addNamed browser-sync@2.12.12
36 verbose addNamed "2.12.12" is a plain semver version for browser-sync
37 silly cache afterAdd browser-sync@2.12.12
38 verbose afterAdd /Users/bhunt/.npm/browser-sync/2.12.12/package/package.json not in flight; writing
39 verbose correctMkdir /Users/bhunt/.npm correctMkdir not in flight; initializing
40 verbose afterAdd /Users/bhunt/.npm/browser-sync/2.12.12/package/package.json written
41 silly install resolved [ { name: 'browser-sync',
41 silly install resolved     description: 'Live CSS Reload & Browser Syncing',
41 silly install resolved     version: '2.12.12',
41 silly install resolved     homepage: 'http://www.browsersync.io/',
41 silly install resolved     author: { name: 'Shane Osbourne' },
41 silly install resolved     repository:
41 silly install resolved      { type: 'git',
41 silly install resolved        url: 'git+https://github.com/browsersync/browser-sync.git' },
41 silly install resolved     license: 'Apache-2.0',
41 silly install resolved     bin: { 'browser-sync': 'bin/browser-sync.js' },
41 silly install resolved     files: [ 'bin', 'index.js', 'lib', 'lodash.custom.js' ],
41 silly install resolved     engines: { node: '>= 0.8.0' },
41 silly install resolved     scripts:
41 silly install resolved      { env: 'node ./test/env.js',
41 silly install resolved        test: 'npm run lint && npm run env && npm run unit',
41 silly install resolved        lint: 'eslint index.js lib bin examples test/specs gulpfile.js',
41 silly install resolved        pro: 'protractor test/protractor/config.single.js',
41 silly install resolved        'pro-local': 'node test/protractor/setup.js',
41 silly install resolved        unit: 'mocha --recursive test/specs --timeout 10000',
41 silly install resolved        cover: 'npm run env && npm run cover-local && npm run coveralls',
41 silly install resolved        'cover-local': 'istanbul cover -x lodash.custom.js _mocha -- --timeout 10000 --recursive ./test/specs',
41 silly install resolved        coveralls: 'istanbul-coveralls',
41 silly install resolved        'pre-release': 'npm test && npm run pro-local && npm run pro',
41 silly install resolved        lodash: 'lodash include=isUndefined,isFunction,toArray,includes,union,each,isString,merge,isObject exports=node' },
41 silly install resolved     dependencies:
41 silly install resolved      { 'browser-sync-client': '^2.3.3',
41 silly install resolved        'browser-sync-ui': '0.5.19',
41 silly install resolved        'bs-recipes': '1.2.2',
41 silly install resolved        chokidar: '1.5.1',
41 silly install resolved        connect: '3.4.1',
41 silly install resolved        'dev-ip': '^1.0.1',
41 silly install resolved        'easy-extender': '2.3.2',
41 silly install resolved        'eazy-logger': '^2.1.2',
41 silly install resolved        'emitter-steward': '^1.0.0',
41 silly install resolved        'fs-extra': '0.26.7',
41 silly install resolved        'http-proxy': '1.13.3',
41 silly install resolved        immutable: '3.8.1',
41 silly install resolved        localtunnel: '1.8.1',
41 silly install resolved        micromatch: '2.3.7',
41 silly install resolved        opn: '^3.0.2',
41 silly install resolved        portscanner: '^1.0.0',
41 silly install resolved        qs: '6.2.0',
41 silly install resolved        'resp-modifier': '6.0.1',
41 silly install resolved        'serve-index': '1.7.3',
41 silly install resolved        'serve-static': '1.10.2',
41 silly install resolved        'socket.io': '1.4.6',
41 silly install resolved        'ua-parser-js': '0.7.10',
41 silly install resolved        yargs: '4.7.1' },
41 silly install resolved     devDependencies:
41 silly install resolved      { 'browser-sync-spa': '1.0.2',
41 silly install resolved        'bs-html-injector': '3.0.1',
41 silly install resolved        'bs-latency': '1.0.0',
41 silly install resolved        'bs-rewrite-rules': '1.0.0',
41 silly install resolved        'bs-snippet-injector': '2.0.1',
41 silly install resolved        chai: '3.2.0',
41 silly install resolved        chalk: '1.1.1',
41 silly install resolved        compression: '1.6.1',
41 silly install resolved        eslint: '1.3.1',
41 silly install resolved        'graceful-fs': '3.0.8',
41 silly install resolved        gulp: '3.9.0',
41 silly install resolved        'gulp-contribs': '0.0.3',
41 silly install resolved        'gulp-conventional-changelog': '0.4.0',
41 silly install resolved        'gulp-filter': '2.0.2',
41 silly install resolved        istanbul: '0.3.19',
41 silly install resolved        'istanbul-coveralls': '1.0.3',
41 silly install resolved        'lodash-cli': '4.13.1',
41 silly install resolved        mocha: '2.3.0',
41 silly install resolved        q: '1.4.1',
41 silly install resolved        request: '2.61.0',
41 silly install resolved        rimraf: '2.5.2',
41 silly install resolved        sinon: '1.15.4',
41 silly install resolved        slugify: '0.1.1',
41 silly install resolved        'socket.io-client': '^1.4.5',
41 silly install resolved        supertest: '1.1.0',
41 silly install resolved        vinyl: '0.5.3' },
41 silly install resolved     keywords: [ 'browser sync', 'css', 'live reload', 'sync' ],
41 silly install resolved     gitHead: '4467e87f7ae53b2e60324b60816cae52acd1c9d9',
41 silly install resolved     bugs: { url: 'https://github.com/browsersync/browser-sync/issues' },
41 silly install resolved     _id: 'browser-sync@2.12.12',
41 silly install resolved     _shasum: '81f991b8d532b6d331169258f21cd5245b62f88a',
41 silly install resolved     _from: 'browser-sync@latest',
41 silly install resolved     _npmVersion: '2.15.1',
41 silly install resolved     _nodeVersion: '4.4.4',
41 silly install resolved     _npmUser: { name: 'shakyshane', email: 'shakyshane@gmail.com' },
41 silly install resolved     dist:
41 silly install resolved      { shasum: '81f991b8d532b6d331169258f21cd5245b62f88a',
41 silly install resolved        tarball: 'https://registry.npmjs.org/browser-sync/-/browser-sync-2.12.12.tgz' },
41 silly install resolved     maintainers: [ [Object] ],
41 silly install resolved     _npmOperationalInternal:
41 silly install resolved      { host: 'packages-16-east.internal.npmjs.com',
41 silly install resolved        tmp: 'tmp/browser-sync-2.12.12.tgz_1465067519973_0.5510459479410201' },
41 silly install resolved     directories: {},
41 silly install resolved     _resolved: 'https://registry.npmjs.org/browser-sync/-/browser-sync-2.12.12.tgz',
41 silly install resolved     readme: 'ERROR: No README data found!' } ]
42 info install browser-sync@2.12.12 into /usr/local/lib
43 info installOne browser-sync@2.12.12
44 verbose installOne of browser-sync to /usr/local/lib not in flight; installing
45 verbose correctMkdir /Users/bhunt/.npm/_locks correctMkdir not in flight; initializing
46 verbose lock using /Users/bhunt/.npm/_locks/browser-sync-ed941186c435fb34.lock for /usr/local/lib/node_modules/browser-sync
47 silly install write writing browser-sync 2.12.12 to /usr/local/lib/node_modules/browser-sync
48 verbose unbuild lib/node_modules/browser-sync
49 silly gentlyRm /usr/local/lib/node_modules/browser-sync is being purged from base /usr/local
50 verbose gentlyRm don't care about contents; nuking /usr/local/lib/node_modules/browser-sync
51 verbose tar unpack /Users/bhunt/.npm/browser-sync/2.12.12/package.tgz
52 verbose tar unpacking to /usr/local/lib/node_modules/browser-sync
53 silly gentlyRm /usr/local/lib/node_modules/browser-sync is being purged
54 verbose gentlyRm don't care about contents; nuking /usr/local/lib/node_modules/browser-sync
55 silly gunzTarPerm modes [ '755', '644' ]
56 error tar.unpack untar error /Users/bhunt/.npm/browser-sync/2.12.12/package.tgz
57 verbose unlock done using /Users/bhunt/.npm/_locks/browser-sync-ed941186c435fb34.lock for /usr/local/lib/node_modules/browser-sync
58 verbose fstream_path /usr/local/lib/node_modules/browser-sync
59 verbose fstream_type Directory
60 verbose fstream_class DirWriter
61 verbose stack Error: EACCES: permission denied, mkdir '/usr/local/lib/node_modules/browser-sync'
61 verbose stack     at Error (native)
62 verbose fstream_stack /usr/local/lib/node_modules/npm/node_modules/fstream/lib/dir-writer.js:35:25
62 verbose fstream_stack /usr/local/lib/node_modules/npm/node_modules/mkdirp/index.js:47:53
62 verbose fstream_stack FSReqWrap.oncomplete (fs.js:82:15)
63 verbose cwd /Users/bhunt/Documents/dev/blogger
64 error Darwin 15.5.0
65 error argv "/usr/local/bin/node" "/usr/local/bin/npm" "install" "-g" "browser-sync"
66 error node v4.4.3
67 error npm  v2.15.1
68 error path /usr/local/lib/node_modules/browser-sync
69 error code EACCES
70 error errno -13
71 error syscall mkdir
72 error Error: EACCES: permission denied, mkdir '/usr/local/lib/node_modules/browser-sync'
72 error     at Error (native)
72 error  { [Error: EACCES: permission denied, mkdir '/usr/local/lib/node_modules/browser-sync']
72 error   errno: -13,
72 error   code: 'EACCES',
72 error   syscall: 'mkdir',
72 error   path: '/usr/local/lib/node_modules/browser-sync',
72 error   fstream_type: 'Directory',
72 error   fstream_path: '/usr/local/lib/node_modules/browser-sync',
72 error   fstream_class: 'DirWriter',
72 error   fstream_stack:
72 error    [ '/usr/local/lib/node_modules/npm/node_modules/fstream/lib/dir-writer.js:35:25',
72 error      '/usr/local/lib/node_modules/npm/node_modules/mkdirp/index.js:47:53',
72 error      'FSReqWrap.oncomplete (fs.js:82:15)' ] }
73 error Please try running this command again as root/Administrator.
74 verbose exit [ -13, true ]
75 verbose unbuild lib/node_modules/browser-sync
76 silly gentlyRm /usr/local/lib/node_modules/browser-sync is being purged from base /usr/local
77 verbose gentlyRm don't care about contents; nuking /usr/local/lib/node_modules/browser-sync
